# JRE version: OpenJDK Runtime Environment (8.0_212-b04) (build 1.8.0_212-release-1586-b04)
# Java VM: OpenJDK 64-Bit Server VM (25.212-b04 mixed mode windows-amd64 compressed oops)
Heap:
 PSYoungGen      total 287744K, used 204404K [0x00000000e0000000, 0x00000000f3700000, 0x0000000100000000)
  eden space 266240K, 68% used [0x00000000e0000000,0x00000000eb2a1ae0,0x00000000f0400000)
  from space 21504K, 99% used [0x00000000f2200000,0x00000000f36fb750,0x00000000f3700000)
  to   space 26112K, 0% used [0x00000000f0400000,0x00000000f0400000,0x00000000f1d80000)
 ParOldGen       total 185344K, used 37861K [0x00000000a0000000, 0x00000000ab500000, 0x00000000e0000000)
  object space 185344K, 20% used [0x00000000a0000000,0x00000000a24f9520,0x00000000ab500000)
 Metaspace       used 77364K, capacity 80974K, committed 81176K, reserved 1120256K
  class space    used 10205K, capacity 10973K, committed 11032K, reserved 1048576K
GC Heap History (10 events):
Event: 12.648 GC heap before
{Heap before GC invocations=11 (full 2):
 PSYoungGen      total 185344K, used 185316K [0x00000000e0000000, 0x00000000ee700000, 0x0000000100000000)
  eden space 172032K, 100% used [0x00000000e0000000,0x00000000ea800000,0x00000000ea800000)
  from space 13312K, 99% used [0x00000000eda00000,0x00000000ee6f9300,0x00000000ee700000)
  to   space 15360K, 0% used [0x00000000ec900000,0x00000000ec900000,0x00000000ed800000)
 ParOldGen       total 131072K, used 18722K [0x00000000a0000000, 0x00000000a8000000, 0x00000000e0000000)
  object space 131072K, 14% used [0x00000000a0000000,0x00000000a1248908,0x00000000a8000000)
 Metaspace       used 56618K, capacity 58702K, committed 58792K, reserved 1099776K
  class space    used 7863K, capacity 8313K, committed 8360K, reserved 1048576K
Event: 12.717 GC heap after
Heap after GC invocations=11 (full 2):
 PSYoungGen      total 221184K, used 15356K [0x00000000e0000000, 0x00000000efd80000, 0x0000000100000000)
  eden space 205824K, 0% used [0x00000000e0000000,0x00000000e0000000,0x00000000ec900000)
  from space 15360K, 99% used [0x00000000ec900000,0x00000000ed7ff310,0x00000000ed800000)
  to   space 20480K, 0% used [0x00000000ee980000,0x00000000ee980000,0x00000000efd80000)
 ParOldGen       total 131072K, used 26990K [0x00000000a0000000, 0x00000000a8000000, 0x00000000e0000000)
  object space 131072K, 20% used [0x00000000a0000000,0x00000000a1a5bb70,0x00000000a8000000)
 Metaspace       used 56618K, capacity 58702K, committed 58792K, reserved 1099776K
  class space    used 7863K, capacity 8313K, committed 8360K, reserved 1048576K
}
Event: 12.916 GC heap before
{Heap before GC invocations=12 (full 2):
 PSYoungGen      total 221184K, used 31724K [0x00000000e0000000, 0x00000000efd80000, 0x0000000100000000)
  eden space 205824K, 7% used [0x00000000e0000000,0x00000000e0ffbf28,0x00000000ec900000)
  from space 15360K, 99% used [0x00000000ec900000,0x00000000ed7ff310,0x00000000ed800000)
  to   space 20480K, 0% used [0x00000000ee980000,0x00000000ee980000,0x00000000efd80000)
 ParOldGen       total 131072K, used 26990K [0x00000000a0000000, 0x00000000a8000000, 0x00000000e0000000)
  object space 131072K, 20% used [0x00000000a0000000,0x00000000a1a5bb70,0x00000000a8000000)
 Metaspace       used 57027K, capacity 59028K, committed 59160K, reserved 1099776K
  class space    used 7916K, capacity 8379K, committed 8472K, reserved 1048576K
Event: 12.933 GC heap after
Heap after GC invocations=12 (full 2):
 PSYoungGen      total 240128K, used 10012K [0x00000000e0000000, 0x00000000f3200000, 0x0000000100000000)
  eden space 219648K, 0% used [0x00000000e0000000,0x00000000e0000000,0x00000000ed680000)
  from space 20480K, 48% used [0x00000000ee980000,0x00000000ef347210,0x00000000efd80000)
  to   space 19456K, 0% used [0x00000000ed680000,0x00000000ed680000,0x00000000ee980000)
 ParOldGen       total 131072K, used 33604K [0x00000000a0000000, 0x00000000a8000000, 0x00000000e0000000)
  object space 131072K, 25% used [0x00000000a0000000,0x00000000a20d1168,0x00000000a8000000)
 Metaspace       used 57027K, capacity 59028K, committed 59160K, reserved 1099776K
  class space    used 7916K, capacity 8379K, committed 8472K, reserved 1048576K
}
Event: 12.933 GC heap before
{Heap before GC invocations=13 (full 3):
 PSYoungGen      total 240128K, used 10012K [0x00000000e0000000, 0x00000000f3200000, 0x0000000100000000)
  eden space 219648K, 0% used [0x00000000e0000000,0x00000000e0000000,0x00000000ed680000)
  from space 20480K, 48% used [0x00000000ee980000,0x00000000ef347210,0x00000000efd80000)
  to   space 19456K, 0% used [0x00000000ed680000,0x00000000ed680000,0x00000000ee980000)
 ParOldGen       total 131072K, used 33604K [0x00000000a0000000, 0x00000000a8000000, 0x00000000e0000000)
  object space 131072K, 25% used [0x00000000a0000000,0x00000000a20d1168,0x00000000a8000000)
 Metaspace       used 57027K, capacity 59028K, committed 59160K, reserved 1099776K
  class space    used 7916K, capacity 8379K, committed 8472K, reserved 1048576K
Event: 13.244 GC heap after
Heap after GC invocations=13 (full 3):
 PSYoungGen      total 240128K, used 0K [0x00000000e0000000, 0x00000000f3200000, 0x0000000100000000)
  eden space 219648K, 0% used [0x00000000e0000000,0x00000000e0000000,0x00000000ed680000)
  from space 20480K, 0% used [0x00000000ee980000,0x00000000ee980000,0x00000000efd80000)
  to   space 19456K, 0% used [0x00000000ed680000,0x00000000ed680000,0x00000000ee980000)
 ParOldGen       total 185344K, used 32278K [0x00000000a0000000, 0x00000000ab500000, 0x00000000e0000000)
  object space 185344K, 17% used [0x00000000a0000000,0x00000000a1f85820,0x00000000ab500000)
 Metaspace       used 57010K, capacity 58974K, committed 59160K, reserved 1099776K
  class space    used 7911K, capacity 8370K, committed 8472K, reserved 1048576K
}
Event: 116.896 GC heap before
{Heap before GC invocations=14 (full 3):
 PSYoungGen      total 240128K, used 219648K [0x00000000e0000000, 0x00000000f3200000, 0x0000000100000000)
  eden space 219648K, 100% used [0x00000000e0000000,0x00000000ed680000,0x00000000ed680000)
  from space 20480K, 0% used [0x00000000ee980000,0x00000000ee980000,0x00000000efd80000)
  to   space 19456K, 0% used [0x00000000ed680000,0x00000000ed680000,0x00000000ee980000)
 ParOldGen       total 185344K, used 32278K [0x00000000a0000000, 0x00000000ab500000, 0x00000000e0000000)
  object space 185344K, 17% used [0x00000000a0000000,0x00000000a1f85820,0x00000000ab500000)
 Metaspace       used 68463K, capacity 71646K, committed 71960K, reserved 1112064K
  class space    used 9238K, capacity 9917K, committed 10008K, reserved 1048576K
Event: 116.917 GC heap after
Heap after GC invocations=14 (full 3):
 PSYoungGen      total 239104K, used 17883K [0x00000000e0000000, 0x00000000f3700000, 0x0000000100000000)
  eden space 219648K, 0% used [0x00000000e0000000,0x00000000e0000000,0x00000000ed680000)
  from space 19456K, 91% used [0x00000000ed680000,0x00000000ee7f6ee0,0x00000000ee980000)
  to   space 21504K, 0% used [0x00000000f2200000,0x00000000f2200000,0x00000000f3700000)
 ParOldGen       total 185344K, used 32286K [0x00000000a0000000, 0x00000000ab500000, 0x00000000e0000000)
  object space 185344K, 17% used [0x00000000a0000000,0x00000000a1f87820,0x00000000ab500000)
 Metaspace       used 68463K, capacity 71646K, committed 71960K, reserved 1112064K
  class space    used 9238K, capacity 9917K, committed 10008K, reserved 1048576K
}
Event: 652.263 GC heap before
{Heap before GC invocations=15 (full 3):
 PSYoungGen      total 239104K, used 237531K [0x00000000e0000000, 0x00000000f3700000, 0x0000000100000000)
  eden space 219648K, 100% used [0x00000000e0000000,0x00000000ed680000,0x00000000ed680000)
  from space 19456K, 91% used [0x00000000ed680000,0x00000000ee7f6ee0,0x00000000ee980000)
  to   space 21504K, 0% used [0x00000000f2200000,0x00000000f2200000,0x00000000f3700000)
 ParOldGen       total 185344K, used 32286K [0x00000000a0000000, 0x00000000ab500000, 0x00000000e0000000)
  object space 185344K, 17% used [0x00000000a0000000,0x00000000a1f87820,0x00000000ab500000)
 Metaspace       used 75007K, capacity 78658K, committed 79000K, reserved 1118208K
  class space    used 10011K, capacity 10783K, committed 10904K, reserved 1048576K
Event: 652.294 GC heap after
Heap after GC invocations=15 (full 3):
 PSYoungGen      total 287744K, used 21485K [0x00000000e0000000, 0x00000000f3700000, 0x0000000100000000)
  eden space 266240K, 0% used [0x00000000e0000000,0x00000000e0000000,0x00000000f0400000)
  from space 21504K, 99% used [0x00000000f2200000,0x00000000f36fb750,0x00000000f3700000)
  to   space 26112K, 0% used [0x00000000f0400000,0x00000000f0400000,0x00000000f1d80000)
 ParOldGen       total 185344K, used 37861K [0x00000000a0000000, 0x00000000ab500000, 0x00000000e0000000)
  object space 185344K, 20% used [0x00000000a0000000,0x00000000a24f9520,0x00000000ab500000)
 Metaspace       used 75007K, capacity 78658K, committed 79000K, reserved 1118208K
  class space    used 10011K, capacity 10783K, committed 10904K, reserved 1048576K
}

